client-anunciaya/app/build/intermediates/manifest_merge_blame_file/debug/manifest-merger-blame-debug-report.txt
1<?xml version="1.0" encoding="utf-8"?>
2<manifest xmlns:android="http://schemas.android.com/apk/res/android"
3    package="com.example.anunciaya"
4    android:versionCode="1"
5    android:versionName="1.0" >
6
7    <uses-sdk
8        android:minSdkVersion="24"
9        android:targetSdkVersion="33" />
10
11    <uses-permission android:name="android.permission.INTERNET" />
11-->src\main\AndroidManifest.xml:5:5-67
11-->src\main\AndroidManifest.xml:5:22-64
12    <uses-permission
12-->src\main\AndroidManifest.xml:6:5-8:38
13        android:name="android.permission.READ_EXTERNAL_STORAGE"
13-->src\main\AndroidManifest.xml:7:9-64
14        android:maxSdkVersion="32" />
14-->src\main\AndroidManifest.xml:8:9-35
15    <uses-permission android:name="android.permission.ACCESS_NETWORK_STATE" />
15-->src\main\AndroidManifest.xml:9:5-79
15-->src\main\AndroidManifest.xml:9:22-76
16
17    <queries>
17-->[com.github.dhaval2404:imagepicker:2.1] AndroidManifest.xml:9:5-19:15
18
19        <!-- Query Camera Packages -->
20        <intent>
20-->[com.github.dhaval2404:imagepicker:2.1] AndroidManifest.xml:12:9-14:18
21            <action android:name="android.media.action.IMAGE_CAPTURE" />
21-->[com.github.dhaval2404:imagepicker:2.1] AndroidManifest.xml:13:13-73
21-->[com.github.dhaval2404:imagepicker:2.1] AndroidManifest.xml:13:21-70
22        </intent>
23        <!-- Query Open Document -->
24        <intent>
24-->[com.github.dhaval2404:imagepicker:2.1] AndroidManifest.xml:16:9-18:18
25            <action android:name="android.intent.action.OPEN_DOCUMENT_TREE" />
25-->[com.github.dhaval2404:imagepicker:2.1] AndroidManifest.xml:17:13-79
25-->[com.github.dhaval2404:imagepicker:2.1] AndroidManifest.xml:17:21-76
26        </intent>
27    </queries>
28
29    <permission
29-->[androidx.core:core:1.13.0] AndroidManifest.xml:22:5-24:47
30        android:name="com.example.anunciaya.DYNAMIC_RECEIVER_NOT_EXPORTED_PERMISSION"
30-->[androidx.core:core:1.13.0] AndroidManifest.xml:23:9-81
31        android:protectionLevel="signature" />
31-->[androidx.core:core:1.13.0] AndroidManifest.xml:24:9-44
32
33    <uses-permission android:name="com.example.anunciaya.DYNAMIC_RECEIVER_NOT_EXPORTED_PERMISSION" />
33-->[androidx.core:core:1.13.0] AndroidManifest.xml:26:5-97
33-->[androidx.core:core:1.13.0] AndroidManifest.xml:26:22-94
34
35    <application
35-->src\main\AndroidManifest.xml:11:5-59:19
36        android:allowBackup="true"
36-->src\main\AndroidManifest.xml:12:9-35
37        android:appComponentFactory="androidx.core.app.CoreComponentFactory"
37-->[androidx.core:core:1.13.0] AndroidManifest.xml:28:18-86
38        android:dataExtractionRules="@xml/data_extraction_rules"
38-->src\main\AndroidManifest.xml:13:9-65
39        android:debuggable="true"
40        android:extractNativeLibs="false"
41        android:fullBackupContent="@xml/backup_rules"
41-->src\main\AndroidManifest.xml:14:9-54
42        android:icon="@drawable/logo"
42-->src\main\AndroidManifest.xml:15:9-38
43        android:label="@string/app_name"
43-->src\main\AndroidManifest.xml:16:9-41
44        android:roundIcon="@mipmap/ic_launcher_round"
44-->src\main\AndroidManifest.xml:17:9-54
45        android:screenOrientation="portrait"
45-->src\main\AndroidManifest.xml:18:9-45
46        android:supportsRtl="true"
46-->src\main\AndroidManifest.xml:19:9-35
47        android:testOnly="true"
48        android:theme="@style/Theme.AnunciaYa"
48-->src\main\AndroidManifest.xml:20:9-47
49        android:usesCleartextTraffic="true" >
49-->src\main\AndroidManifest.xml:21:9-44
50        <activity
50-->src\main\AndroidManifest.xml:23:9-25:40
51            android:name="com.example.anunciaya.EditarAnuncio"
51-->src\main\AndroidManifest.xml:24:13-42
52            android:exported="false" />
52-->src\main\AndroidManifest.xml:25:13-37
53        <activity
53-->src\main\AndroidManifest.xml:26:9-28:40
54            android:name="com.example.anunciaya.AnuncioUsuario"
54-->src\main\AndroidManifest.xml:27:13-43
55            android:exported="false" />
55-->src\main\AndroidManifest.xml:28:13-37
56        <activity
56-->src\main\AndroidManifest.xml:29:9-31:40
57            android:name="com.example.anunciaya.Envios"
57-->src\main\AndroidManifest.xml:30:13-35
58            android:exported="false" />
58-->src\main\AndroidManifest.xml:31:13-37
59        <activity
59-->src\main\AndroidManifest.xml:32:9-34:40
60            android:name="com.example.anunciaya.Pedidos"
60-->src\main\AndroidManifest.xml:33:13-36
61            android:exported="false" />
61-->src\main\AndroidManifest.xml:34:13-37
62        <activity
62-->src\main\AndroidManifest.xml:35:9-37:40
63            android:name="com.example.anunciaya.Register"
63-->src\main\AndroidManifest.xml:36:13-37
64            android:exported="false" />
64-->src\main\AndroidManifest.xml:37:13-37
65        <activity
65-->src\main\AndroidManifest.xml:38:9-40:40
66            android:name="com.example.anunciaya.MainActivity"
66-->src\main\AndroidManifest.xml:39:13-41
67            android:exported="false" />
67-->src\main\AndroidManifest.xml:40:13-37
68        <activity
68-->src\main\AndroidManifest.xml:41:9-43:40
69            android:name="com.example.anunciaya.tools.InfoAnuncio"
69-->src\main\AndroidManifest.xml:42:13-46
70            android:exported="false" />
70-->src\main\AndroidManifest.xml:43:13-37
71        <activity
71-->src\main\AndroidManifest.xml:44:9-46:40
72            android:name="com.example.anunciaya.adapter.ImageView"
72-->src\main\AndroidManifest.xml:45:13-46
73            android:exported="false" />
73-->src\main\AndroidManifest.xml:46:13-37
74        <activity
74-->src\main\AndroidManifest.xml:47:9-49:40
75            android:name="com.example.anunciaya.AddAnuncio"
75-->src\main\AndroidManifest.xml:48:13-39
76            android:exported="false" />
76-->src\main\AndroidManifest.xml:49:13-37
77        <activity
77-->src\main\AndroidManifest.xml:50:9-58:20
78            android:name="com.example.anunciaya.Login"
78-->src\main\AndroidManifest.xml:51:13-34
79            android:exported="true" >
79-->src\main\AndroidManifest.xml:52:13-36
80            <intent-filter>
80-->src\main\AndroidManifest.xml:53:13-57:29
81                <action android:name="android.intent.action.MAIN" />
81-->src\main\AndroidManifest.xml:54:17-69
81-->src\main\AndroidManifest.xml:54:25-66
82
83                <category android:name="android.intent.category.LAUNCHER" />
83-->src\main\AndroidManifest.xml:56:17-77
83-->src\main\AndroidManifest.xml:56:27-74
84            </intent-filter>
85        </activity>
86        <activity
86-->[com.github.dhaval2404:imagepicker:2.1] AndroidManifest.xml:22:9-25:68
87            android:name="com.github.dhaval2404.imagepicker.ImagePickerActivity"
87-->[com.github.dhaval2404:imagepicker:2.1] AndroidManifest.xml:23:13-81
88            android:screenOrientation="unspecified"
88-->[com.github.dhaval2404:imagepicker:2.1] AndroidManifest.xml:24:13-52
89            android:theme="@style/Theme.Transparent.ImagePicker" />
89-->[com.github.dhaval2404:imagepicker:2.1] AndroidManifest.xml:25:13-65
90        <activity
90-->[com.github.dhaval2404:imagepicker:2.1] AndroidManifest.xml:26:9-29:72
91            android:name="com.yalantis.ucrop.UCropActivity"
91-->[com.github.dhaval2404:imagepicker:2.1] AndroidManifest.xml:27:13-60
92            android:screenOrientation="portrait"
92-->[com.github.dhaval2404:imagepicker:2.1] AndroidManifest.xml:28:13-49
93            android:theme="@style/Theme.AppCompat.Light.NoActionBar" />
93-->[com.github.dhaval2404:imagepicker:2.1] AndroidManifest.xml:29:13-69
94
95        <provider
95-->[com.github.dhaval2404:imagepicker:2.1] AndroidManifest.xml:31:9-39:20
96            android:name="com.github.dhaval2404.imagepicker.ImagePickerFileProvider"
96-->[com.github.dhaval2404:imagepicker:2.1] AndroidManifest.xml:32:13-85
97            android:authorities="com.example.anunciaya.imagepicker.provider"
97-->[com.github.dhaval2404:imagepicker:2.1] AndroidManifest.xml:33:13-72
98            android:exported="false"
98-->[com.github.dhaval2404:imagepicker:2.1] AndroidManifest.xml:34:13-37
99            android:grantUriPermissions="true" >
99-->[com.github.dhaval2404:imagepicker:2.1] AndroidManifest.xml:35:13-47
100            <meta-data
100-->[com.github.dhaval2404:imagepicker:2.1] AndroidManifest.xml:36:13-38:71
101                android:name="android.support.FILE_PROVIDER_PATHS"
101-->[com.github.dhaval2404:imagepicker:2.1] AndroidManifest.xml:37:17-67
102                android:resource="@xml/image_picker_provider_paths" />
102-->[com.github.dhaval2404:imagepicker:2.1] AndroidManifest.xml:38:17-68
103        </provider>
104        <provider
104-->[androidx.emoji2:emoji2:1.2.0] AndroidManifest.xml:24:9-32:20
105            android:name="androidx.startup.InitializationProvider"
105-->[androidx.emoji2:emoji2:1.2.0] AndroidManifest.xml:25:13-67
106            android:authorities="com.example.anunciaya.androidx-startup"
106-->[androidx.emoji2:emoji2:1.2.0] AndroidManifest.xml:26:13-68
107            android:exported="false" >
107-->[androidx.emoji2:emoji2:1.2.0] AndroidManifest.xml:27:13-37
108            <meta-data
108-->[androidx.emoji2:emoji2:1.2.0] AndroidManifest.xml:29:13-31:52
109                android:name="androidx.emoji2.text.EmojiCompatInitializer"
109-->[androidx.emoji2:emoji2:1.2.0] AndroidManifest.xml:30:17-75
110                android:value="androidx.startup" />
110-->[androidx.emoji2:emoji2:1.2.0] AndroidManifest.xml:31:17-49
111            <meta-data
111-->[androidx.lifecycle:lifecycle-process:2.6.2] AndroidManifest.xml:29:13-31:52
112                android:name="androidx.lifecycle.ProcessLifecycleInitializer"
112-->[androidx.lifecycle:lifecycle-process:2.6.2] AndroidManifest.xml:30:17-78
113                android:value="androidx.startup" />
113-->[androidx.lifecycle:lifecycle-process:2.6.2] AndroidManifest.xml:31:17-49
114            <meta-data
114-->[androidx.profileinstaller:profileinstaller:1.3.0] AndroidManifest.xml:29:13-31:52
115                android:name="androidx.profileinstaller.ProfileInstallerInitializer"
115-->[androidx.profileinstaller:profileinstaller:1.3.0] AndroidManifest.xml:30:17-85
116                android:value="androidx.startup" />
116-->[androidx.profileinstaller:profileinstaller:1.3.0] AndroidManifest.xml:31:17-49
117        </provider>
118
119        <uses-library
119-->[androidx.window:window:1.0.0] AndroidManifest.xml:25:9-27:40
120            android:name="androidx.window.extensions"
120-->[androidx.window:window:1.0.0] AndroidManifest.xml:26:13-54
121            android:required="false" />
121-->[androidx.window:window:1.0.0] AndroidManifest.xml:27:13-37
122        <uses-library
122-->[androidx.window:window:1.0.0] AndroidManifest.xml:28:9-30:40
123            android:name="androidx.window.sidecar"
123-->[androidx.window:window:1.0.0] AndroidManifest.xml:29:13-51
124            android:required="false" />
124-->[androidx.window:window:1.0.0] AndroidManifest.xml:30:13-37
125
126        <receiver
126-->[androidx.profileinstaller:profileinstaller:1.3.0] AndroidManifest.xml:34:9-52:20
127            android:name="androidx.profileinstaller.ProfileInstallReceiver"
127-->[androidx.profileinstaller:profileinstaller:1.3.0] AndroidManifest.xml:35:13-76
128            android:directBootAware="false"
128-->[androidx.profileinstaller:profileinstaller:1.3.0] AndroidManifest.xml:36:13-44
129            android:enabled="true"
129-->[androidx.profileinstaller:profileinstaller:1.3.0] AndroidManifest.xml:37:13-35
130            android:exported="true"
130-->[androidx.profileinstaller:profileinstaller:1.3.0] AndroidManifest.xml:38:13-36
131            android:permission="android.permission.DUMP" >
131-->[androidx.profileinstaller:profileinstaller:1.3.0] AndroidManifest.xml:39:13-57
132            <intent-filter>
132-->[androidx.profileinstaller:profileinstaller:1.3.0] AndroidManifest.xml:40:13-42:29
133                <action android:name="androidx.profileinstaller.action.INSTALL_PROFILE" />
133-->[androidx.profileinstaller:profileinstaller:1.3.0] AndroidManifest.xml:41:17-91
133-->[androidx.profileinstaller:profileinstaller:1.3.0] AndroidManifest.xml:41:25-88
134            </intent-filter>
135            <intent-filter>
135-->[androidx.profileinstaller:profileinstaller:1.3.0] AndroidManifest.xml:43:13-45:29
136                <action android:name="androidx.profileinstaller.action.SKIP_FILE" />
136-->[androidx.profileinstaller:profileinstaller:1.3.0] AndroidManifest.xml:44:17-85
136-->[androidx.profileinstaller:profileinstaller:1.3.0] AndroidManifest.xml:44:25-82
137            </intent-filter>
138            <intent-filter>
138-->[androidx.profileinstaller:profileinstaller:1.3.0] AndroidManifest.xml:46:13-48:29
139                <action android:name="androidx.profileinstaller.action.SAVE_PROFILE" />
139-->[androidx.profileinstaller:profileinstaller:1.3.0] AndroidManifest.xml:47:17-88
139-->[androidx.profileinstaller:profileinstaller:1.3.0] AndroidManifest.xml:47:25-85
140            </intent-filter>
141            <intent-filter>
141-->[androidx.profileinstaller:profileinstaller:1.3.0] AndroidManifest.xml:49:13-51:29
142                <action android:name="androidx.profileinstaller.action.BENCHMARK_OPERATION" />
142-->[androidx.profileinstaller:profileinstaller:1.3.0] AndroidManifest.xml:50:17-95
142-->[androidx.profileinstaller:profileinstaller:1.3.0] AndroidManifest.xml:50:25-92
143            </intent-filter>
144        </receiver>
145
146        <provider
146-->[com.squareup.picasso:picasso:2.71828] AndroidManifest.xml:8:9-11:40
147            android:name="com.squareup.picasso.PicassoProvider"
147-->[com.squareup.picasso:picasso:2.71828] AndroidManifest.xml:9:13-64
148            android:authorities="com.example.anunciaya.com.squareup.picasso"
148-->[com.squareup.picasso:picasso:2.71828] AndroidManifest.xml:10:13-72
149            android:exported="false" />
149-->[com.squareup.picasso:picasso:2.71828] AndroidManifest.xml:11:13-37
150    </application>
151
152</manifest>